<?xml version="1.0" encoding="UTF-8"?>
<!-- Generated by org.testng.reporters.JUnitReportReporter -->
<testsuite hostname="Rohitvanjarapu" failures="0" tests="4" name="testcases.SortingTest" time="20.659" errors="0" timestamp="2025-09-08T00:47:00 IST" skipped="0">
  <testcase classname="testcases.SortingTest" name="testSortZA" time="4.153"/>
  <testcase classname="testcases.SortingTest" name="testSortHighToLow" time="5.773"/>
  <testcase classname="testcases.SortingTest" name="testSortAZ" time="5.274"/>
  <testcase classname="testcases.SortingTest" name="testSortLowToHigh" time="5.459"/>
</testsuite> <!-- testcases.SortingTest -->
