<?xml version="1.0" encoding="UTF-8"?>
<!-- Generated by org.testng.reporters.JUnitReportReporter -->
<testsuite hostname="Rohitvanjarapu" failures="0" tests="3" name="testcases.CartTest" time="7.988" errors="0" timestamp="2025-09-08T00:47:00 IST" skipped="0">
  <testcase classname="testcases.CartTest" name="testAddMultipleItems" time="2.392"/>
  <testcase classname="testcases.CartTest" name="testRemoveSingleItem" time="2.286"/>
  <testcase classname="testcases.CartTest" name="testAddSingleItem" time="3.310"/>
</testsuite> <!-- testcases.CartTest -->
