<?xml version="1.0" encoding="UTF-8"?>
<!-- Generated by org.testng.reporters.JUnitReportReporter -->
<testsuite hostname="Rohitvanjarapu" failures="0" tests="6" name="testcases.LoginTest" time="16.409" errors="0" timestamp="2025-09-08T00:47:00 IST" skipped="0">
  <testcase classname="testcases.LoginTest" name="testValidLogin" time="2.162"/>
  <testcase classname="testcases.LoginTest" name="testLockedOutUserLogin" time="2.148"/>
  <testcase classname="testcases.LoginTest" name="testWrongUsernameCorrectPassword" time="3.562"/>
  <testcase classname="testcases.LoginTest" name="testInvalidLogin" time="3.076"/>
  <testcase classname="testcases.LoginTest" name="testAnotherUserLogin" time="3.378"/>
  <testcase classname="testcases.LoginTest" name="testCorrectUsernameWrongPassword" time="2.083"/>
</testsuite> <!-- testcases.LoginTest -->
