<?xml version="1.0" encoding="UTF-8"?>
<!-- Generated by org.testng.reporters.JUnitReportReporter -->
<testsuite hostname="Rohitvanjarapu" failures="0" tests="1" name="testcases.DriverFactoryTest" time="3.937" errors="0" timestamp="2025-09-08T00:47:00 IST" skipped="0">
  <testcase classname="testcases.DriverFactoryTest" name="openSauceDemo" time="3.937"/>
</testsuite> <!-- testcases.DriverFactoryTest -->
